<?xml version="1.0" encoding="UTF-8"?>
<testng-results skipped="0" failed="0" total="1" passed="1">
  <reporter-output>
  </reporter-output>
  <suite name="by.htp.ta.QuizfulNetTest" duration-ms="17002" started-at="2016-12-22T17:46:53Z" finished-at="2016-12-22T17:47:10Z">
    <groups>
    </groups>
    <test name="Command line test" duration-ms="17002" started-at="2016-12-22T17:46:53Z" finished-at="2016-12-22T17:47:10Z">
      <class name="by.htp.ta.QuizfulNetTest">
        <test-method status="PASS" signature="setUp()[pri:0, instance:by.htp.ta.QuizfulNetTest@62043840]" name="setUp" is-config="true" duration-ms="5444" started-at="2016-12-22T20:46:53Z" description="Init browser" finished-at="2016-12-22T20:46:59Z">
          <reporter-output>
          </reporter-output>
        </test-method> <!-- setUp -->
        <test-method status="PASS" signature="oneCanLoginQuizfulNet()[pri:0, instance:by.htp.ta.QuizfulNetTest@62043840]" name="oneCanLoginQuizfulNet" duration-ms="11074" started-at="2016-12-22T20:46:59Z" description="Login to QuizfulNet" finished-at="2016-12-22T20:47:10Z">
          <reporter-output>
          </reporter-output>
        </test-method> <!-- oneCanLoginQuizfulNet -->
        <test-method status="PASS" signature="stopBrowser()[pri:0, instance:by.htp.ta.QuizfulNetTest@62043840]" name="stopBrowser" is-config="true" duration-ms="467" started-at="2016-12-22T20:47:10Z" description="Stop Browser" finished-at="2016-12-22T20:47:10Z">
          <reporter-output>
          </reporter-output>
        </test-method> <!-- stopBrowser -->
      </class> <!-- by.htp.ta.QuizfulNetTest -->
    </test> <!-- Command line test -->
  </suite> <!-- by.htp.ta.QuizfulNetTest -->
</testng-results>
